{
  "stats": {
    "suites": 0,
    "tests": 1,
    "passes": 1,
    "pending": 0,
    "failures": 0,
    "start": "2023-04-04T08:07:51.868Z",
    "end": "2023-04-04T08:07:59.076Z",
    "duration": 7208,
    "testsRegistered": 1,
    "passPercent": 100,
    "pendingPercent": 0,
    "other": 0,
    "hasOther": false,
    "skipped": 0,
    "hasSkipped": false
  },
  "results": [
    {
      "uuid": "f953ae3e-85de-4a50-9ad8-b976a82dee1b",
      "title": "",
      "fullFile": "cypress/e2e/login.cy.ts",
      "file": "cypress/e2e/login.cy.ts",
      "beforeHooks": [],
      "afterHooks": [],
      "tests": [
        {
          "title": "login test",
          "fullTitle": "login test",
          "timedOut": null,
          "duration": 5811,
          "state": "passed",
          "speed": "medium",
          "pass": true,
          "fail": false,
          "pending": false,
          "context": null,
          "code": "loginPage.navigate('http://scs.simply-connect.31g.co.uk/auth/login');\nloginPage.enterEmail('shawad.babar@31g.co.uk');\nloginPage.enterPassword('B@bar314');\nloginPage.clickLogin();",
          "err": {},
          "uuid": "a8074ea4-0228-4a0c-b557-8625b29d0e0f",
          "parentUUID": "f953ae3e-85de-4a50-9ad8-b976a82dee1b",
          "isHook": false,
          "skipped": false
        }
      ],
      "suites": [],
      "passes": [
        "a8074ea4-0228-4a0c-b557-8625b29d0e0f"
      ],
      "failures": [],
      "pending": [],
      "skipped": [],
      "duration": 5811,
      "root": true,
      "rootEmpty": false,
      "_timeout": 2000
    }
  ],
  "meta": {
    "mocha": {
      "version": "7.0.1"
    },
    "mochawesome": {
      "options": {
        "quiet": false,
        "reportFilename": "mochawesome",
        "saveHtml": true,
        "saveJson": true,
        "consoleReporter": "spec",
        "useInlineDiffs": false,
        "code": true
      },
      "version": "7.1.3"
    },
    "marge": {
      "options": {
        "reportDir": "cypress/results",
        "overwrite": false,
        "html": true,
        "json": true
      },
      "version": "6.2.0"
    }
  }
}